<?xml version="1.0" encoding="UTF-8"?>
<testsuites>
    <testsuite name="swedenbank;i-log-in-with-username-&quot;pelle&quot;-and-password-&quot;123456&quot;" tests="5" failures="0" skipped="0">
        <properties>
            <property name="URI" value="C:/JavaScript/Bank-master/Bank-master/features/us1.feature">
            </property>
        </properties>
        <testcase name="Given I am on the logging page" classname="swedenbank;i-log-in-with-username-&quot;pelle&quot;-and-password-&quot;123456&quot;" time="4.61125542">
        </testcase>
        <testcase name="When I enter the username &quot;Pelle&quot;" classname="swedenbank;i-log-in-with-username-&quot;pelle&quot;-and-password-&quot;123456&quot;" time="0.00132701">
        </testcase>
        <testcase name="And I enter the password &quot;123456&quot;" classname="swedenbank;i-log-in-with-username-&quot;pelle&quot;-and-password-&quot;123456&quot;" time="0.000645757">
        </testcase>
        <testcase name="And I click on the loggainbutton" classname="swedenbank;i-log-in-with-username-&quot;pelle&quot;-and-password-&quot;123456&quot;" time="0.001034494">
        </testcase>
        <testcase name="Then I can see my accountpage" classname="swedenbank;i-log-in-with-username-&quot;pelle&quot;-and-password-&quot;123456&quot;" time="3.002753663">
        </testcase>
    </testsuite>
    <testsuite name="swedenbank;i-want-to-have-my-salary-transfered-22000-kronor-to-my-lönekonto---9170-843779" tests="8" failures="0" skipped="0">
        <properties>
            <property name="URI" value="C:/JavaScript/Bank-master/Bank-master/features/us2.feature">
            </property>
        </properties>
        <testcase name="Given I have logged in as Arne" classname="swedenbank;i-want-to-have-my-salary-transfered-22000-kronor-to-my-lönekonto---9170-843779" time="5.804016097">
        </testcase>
        <testcase name="And I am on the simulate-page" classname="swedenbank;i-want-to-have-my-salary-transfered-22000-kronor-to-my-lönekonto---9170-843779" time="0.078397923">
        </testcase>
        <testcase name="When I enter my Lönekonto - 9170-843779 from dropdownmeny" classname="swedenbank;i-want-to-have-my-salary-transfered-22000-kronor-to-my-lönekonto---9170-843779" time="3.011010375">
        </testcase>
        <testcase name="And I enter insättning from dropdownmeny" classname="swedenbank;i-want-to-have-my-salary-transfered-22000-kronor-to-my-lönekonto---9170-843779" time="4.006542248">
        </testcase>
        <testcase name="And I enter an amount of 22000 kronor" classname="swedenbank;i-want-to-have-my-salary-transfered-22000-kronor-to-my-lönekonto---9170-843779" time="3.001611827">
        </testcase>
        <testcase name="And I write a message - Lön 22000 kronor" classname="swedenbank;i-want-to-have-my-salary-transfered-22000-kronor-to-my-lönekonto---9170-843779" time="3.001188022">
        </testcase>
        <testcase name="And I click on the Utför button to transfer the money" classname="swedenbank;i-want-to-have-my-salary-transfered-22000-kronor-to-my-lönekonto---9170-843779" time="4.001007553">
        </testcase>
        <testcase name="Then 22000 kronor is transfered to Arnes Lönekonto" classname="swedenbank;i-want-to-have-my-salary-transfered-22000-kronor-to-my-lönekonto---9170-843779" time="6.078307688">
        </testcase>
    </testsuite>
    <testsuite name="swedenbank;i-buy-something-at-ica-for-105kr-and-that-amount-substracts-from-kortkonto---7687-020127" tests="8" failures="0" skipped="0">
        <properties>
            <property name="URI" value="C:/JavaScript/Bank-master/Bank-master/features/us3.feature">
            </property>
        </properties>
        <testcase name="Given I have logged in as Pelle" classname="swedenbank;i-buy-something-at-ica-for-105kr-and-that-amount-substracts-from-kortkonto---7687-020127" time="6.18866247">
        </testcase>
        <testcase name="And I am on the simulate-page" classname="swedenbank;i-buy-something-at-ica-for-105kr-and-that-amount-substracts-from-kortkonto---7687-020127" time="0.085466186">
        </testcase>
        <testcase name="When I enter my Kortkonto - 7687-020127 from dropdownmeny" classname="swedenbank;i-buy-something-at-ica-for-105kr-and-that-amount-substracts-from-kortkonto---7687-020127" time="4.009934825">
        </testcase>
        <testcase name="And I enter uttag from dropdownmeny" classname="swedenbank;i-buy-something-at-ica-for-105kr-and-that-amount-substracts-from-kortkonto---7687-020127" time="4.016611357">
        </testcase>
        <testcase name="And I enter a amount of 105 kronor" classname="swedenbank;i-buy-something-at-ica-for-105kr-and-that-amount-substracts-from-kortkonto---7687-020127" time="3.018283911">
        </testcase>
        <testcase name="And I write a message - ICA handlat för 105 kronor" classname="swedenbank;i-buy-something-at-ica-for-105kr-and-that-amount-substracts-from-kortkonto---7687-020127" time="3.015983561">
        </testcase>
        <testcase name="And I click on the Utför button" classname="swedenbank;i-buy-something-at-ica-for-105kr-and-that-amount-substracts-from-kortkonto---7687-020127" time="4.002284099">
        </testcase>
        <testcase name="Then the money is substracted from the account" classname="swedenbank;i-buy-something-at-ica-for-105kr-and-that-amount-substracts-from-kortkonto---7687-020127" time="6.104493786">
        </testcase>
    </testsuite>
    <testsuite name="swedenbank;i-transfer-200kr-from-kortkonto---7687-020127-to-slösa---9324-506032" tests="8" failures="0" skipped="0">
        <properties>
            <property name="URI" value="C:/JavaScript/Bank-master/Bank-master/features/us4.feature">
            </property>
        </properties>
        <testcase name="Given I have logged in as Pelle" classname="swedenbank;i-transfer-200kr-from-kortkonto---7687-020127-to-slösa---9324-506032" time="5.706299768">
        </testcase>
        <testcase name="And I am on the &apos;Överföring mina konton&apos; page" classname="swedenbank;i-transfer-200kr-from-kortkonto---7687-020127-to-slösa---9324-506032" time="1.076601349">
        </testcase>
        <testcase name="When I enter my Kortkonto - 1112-491580 from my give-konto" classname="swedenbank;i-transfer-200kr-from-kortkonto---7687-020127-to-slösa---9324-506032" time="3.006724856">
        </testcase>
        <testcase name="And I enter 200 kronor" classname="swedenbank;i-transfer-200kr-from-kortkonto---7687-020127-to-slösa---9324-506032" time="3.0015511">
        </testcase>
        <testcase name="And I enter my Slösa - 9324-506032 konto to my get-konto" classname="swedenbank;i-transfer-200kr-from-kortkonto---7687-020127-to-slösa---9324-506032" time="3.017458539">
        </testcase>
        <testcase name="And I write a message - 200 kronor från kortkonto till slösa kontot" classname="swedenbank;i-transfer-200kr-from-kortkonto---7687-020127-to-slösa---9324-506032" time="3.014187415">
        </testcase>
        <testcase name="And I click on the &apos;Utför&apos; button" classname="swedenbank;i-transfer-200kr-from-kortkonto---7687-020127-to-slösa---9324-506032" time="4.014189554">
        </testcase>
        <testcase name="Then the money is tranfered" classname="swedenbank;i-transfer-200kr-from-kortkonto---7687-020127-to-slösa---9324-506032" time="6.077061078">
        </testcase>
    </testsuite>
    <testsuite name="swedenbank;i-want-to-create-an-account-and-call-it-lönekonto-rename-the-account-to-sparkonto-and-then-delete-the-sparkonto-account" tests="10" failures="0" skipped="0">
        <properties>
            <property name="URI" value="C:/JavaScript/Bank-master/Bank-master/features/us7.feature">
            </property>
        </properties>
        <testcase name="Given I have logged in as Pelle" classname="swedenbank;i-want-to-create-an-account-and-call-it-lönekonto-rename-the-account-to-sparkonto-and-then-delete-the-sparkonto-account" time="5.955084376">
        </testcase>
        <testcase name="And I am on the my-accounts page" classname="swedenbank;i-want-to-create-an-account-and-call-it-lönekonto-rename-the-account-to-sparkonto-and-then-delete-the-sparkonto-account" time="1.062976727">
        </testcase>
        <testcase name="When I choose to create a new account" classname="swedenbank;i-want-to-create-an-account-and-call-it-lönekonto-rename-the-account-to-sparkonto-and-then-delete-the-sparkonto-account" time="3.002635631">
        </testcase>
        <testcase name="And call the account Lönekonto" classname="swedenbank;i-want-to-create-an-account-and-call-it-lönekonto-rename-the-account-to-sparkonto-and-then-delete-the-sparkonto-account" time="0.000547825">
        </testcase>
        <testcase name="Then the Lönekonto is created" classname="swedenbank;i-want-to-create-an-account-and-call-it-lönekonto-rename-the-account-to-sparkonto-and-then-delete-the-sparkonto-account" time="4.023666789">
        </testcase>
        <testcase name="When I choose to change the name of the account" classname="swedenbank;i-want-to-create-an-account-and-call-it-lönekonto-rename-the-account-to-sparkonto-and-then-delete-the-sparkonto-account" time="3.01604386">
        </testcase>
        <testcase name="And rename it to Sparkonto" classname="swedenbank;i-want-to-create-an-account-and-call-it-lönekonto-rename-the-account-to-sparkonto-and-then-delete-the-sparkonto-account" time="0.001930429">
        </testcase>
        <testcase name="Then the account is changed to Sparkonto" classname="swedenbank;i-want-to-create-an-account-and-call-it-lönekonto-rename-the-account-to-sparkonto-and-then-delete-the-sparkonto-account" time="4.019460814">
        </testcase>
        <testcase name="When I choose to delete the Sparkonto" classname="swedenbank;i-want-to-create-an-account-and-call-it-lönekonto-rename-the-account-to-sparkonto-and-then-delete-the-sparkonto-account" time="4.005013386">
        </testcase>
        <testcase name="Then the Sparkonto account is deleted" classname="swedenbank;i-want-to-create-an-account-and-call-it-lönekonto-rename-the-account-to-sparkonto-and-then-delete-the-sparkonto-account" time="4.013028901">
        </testcase>
    </testsuite>
    <testsuite name="swedenbank;i-want-to-tranfer-189kr-from-pelles-kortkonto---7687-020127-to-olofs-account-7831-329257" tests="11" failures="0" skipped="0">
        <properties>
            <property name="URI" value="C:/JavaScript/Bank-master/Bank-master/features/us9.feature">
            </property>
        </properties>
        <testcase name="Given I have logged in as Pelle" classname="swedenbank;i-want-to-tranfer-189kr-from-pelles-kortkonto---7687-020127-to-olofs-account-7831-329257" time="5.797808275">
        </testcase>
        <testcase name="And I am on the transfer page" classname="swedenbank;i-want-to-tranfer-189kr-from-pelles-kortkonto---7687-020127-to-olofs-account-7831-329257" time="1.076881035">
        </testcase>
        <testcase name="When I choose Kortkonto - 7687-020127 from dropdownmeny" classname="swedenbank;i-want-to-tranfer-189kr-from-pelles-kortkonto---7687-020127-to-olofs-account-7831-329257" time="3.009825773">
        </testcase>
        <testcase name="And I choose option from other accounts" classname="swedenbank;i-want-to-tranfer-189kr-from-pelles-kortkonto---7687-020127-to-olofs-account-7831-329257" time="3.028608329">
        </testcase>
        <testcase name="And I enter Olofs account 7831-329257" classname="swedenbank;i-want-to-tranfer-189kr-from-pelles-kortkonto---7687-020127-to-olofs-account-7831-329257" time="3.024093587">
        </testcase>
        <testcase name="And I enter the amount of 189 kronor to transfer" classname="swedenbank;i-want-to-tranfer-189kr-from-pelles-kortkonto---7687-020127-to-olofs-account-7831-329257" time="3.022564297">
        </testcase>
        <testcase name="And I write a message - Olof, här får du 189 kronor från Pelle" classname="swedenbank;i-want-to-tranfer-189kr-from-pelles-kortkonto---7687-020127-to-olofs-account-7831-329257" time="3.012227905">
        </testcase>
        <testcase name="And I click on the button Utför" classname="swedenbank;i-want-to-tranfer-189kr-from-pelles-kortkonto---7687-020127-to-olofs-account-7831-329257" time="5.016513424">
        </testcase>
        <testcase name="Then the money is substracted from Pelles account" classname="swedenbank;i-want-to-tranfer-189kr-from-pelles-kortkonto---7687-020127-to-olofs-account-7831-329257" time="5.073284039">
        </testcase>
        <testcase name="And I login as Olof" classname="swedenbank;i-want-to-tranfer-189kr-from-pelles-kortkonto---7687-020127-to-olofs-account-7831-329257" time="4.061401251">
        </testcase>
        <testcase name="Then I verify if the money is tranfered to Olofs account" classname="swedenbank;i-want-to-tranfer-189kr-from-pelles-kortkonto---7687-020127-to-olofs-account-7831-329257" time="5.013411651">
        </testcase>
    </testsuite>
</testsuites>